# NOTE: Do not modify this file.
#
# This file is generated via the -XX:DumpLoadedClassList=<class_list_file> option
# and is used at CDS archive dump time (see -Xshare:dump).
#
java/lang/Object
java/io/Serializable
java/lang/Comparable
java/lang/CharSequence
java/lang/constant/Constable
java/lang/constant/ConstantDesc
java/lang/String
java/lang/reflect/AnnotatedElement
java/lang/reflect/GenericDeclaration
java/lang/reflect/Type
java/lang/invoke/TypeDescriptor
java/lang/invoke/TypeDescriptor$OfField
java/lang/Class
java/lang/Cloneable
java/lang/ClassLoader
java/lang/System
java/lang/Throwable
java/lang/Error
java/lang/ThreadDeath
java/lang/Exception
java/lang/RuntimeException
java/lang/SecurityManager
java/security/ProtectionDomain
java/security/AccessControlContext
java/security/AccessController
java/security/SecureClassLoader
java/lang/ReflectiveOperationException
java/lang/ClassNotFoundException
java/lang/Record
java/lang/LinkageError
java/lang/NoClassDefFoundError
java/lang/ClassCastException
java/lang/ArrayStoreException
java/lang/VirtualMachineError
java/lang/InternalError
java/lang/OutOfMemoryError
java/lang/StackOverflowError
java/lang/IllegalMonitorStateException
java/lang/ref/Reference
java/lang/ref/SoftReference
java/lang/ref/WeakReference
java/lang/ref/FinalReference
java/lang/ref/PhantomReference
java/lang/ref/Finalizer
java/lang/Runnable
java/lang/Thread
java/lang/Thread$UncaughtExceptionHandler
java/lang/ThreadGroup
java/util/Dictionary
java/util/Map
java/util/Hashtable
java/util/Properties
java/lang/Module
java/lang/reflect/AccessibleObject
java/lang/reflect/Member
java/lang/reflect/Field
java/lang/reflect/Parameter
java/lang/reflect/Executable
java/lang/reflect/Method
java/lang/reflect/Constructor
jdk/internal/reflect/MagicAccessorImpl
jdk/internal/reflect/MethodAccessor
jdk/internal/reflect/MethodAccessorImpl
jdk/internal/reflect/ConstructorAccessor
jdk/internal/reflect/ConstructorAccessorImpl
jdk/internal/reflect/DelegatingClassLoader
jdk/internal/reflect/ConstantPool
jdk/internal/reflect/FieldAccessor
jdk/internal/reflect/FieldAccessorImpl
jdk/internal/reflect/UnsafeFieldAccessorImpl
jdk/internal/reflect/UnsafeStaticFieldAccessorImpl
java/lang/annotation/Annotation
jdk/internal/reflect/CallerSensitive
jdk/internal/reflect/NativeConstructorAccessorImpl
java/lang/invoke/MethodHandle
java/lang/invoke/DirectMethodHandle
java/lang/invoke/VarHandle
java/lang/invoke/MemberName
java/lang/invoke/ResolvedMethodName
java/lang/invoke/MethodHandleNatives
java/lang/invoke/LambdaForm
java/lang/invoke/TypeDescriptor$OfMethod
java/lang/invoke/MethodType
java/lang/BootstrapMethodError
java/lang/invoke/CallSite
jdk/internal/invoke/NativeEntryPoint
java/lang/invoke/MethodHandleNatives$CallSiteContext
java/lang/invoke/ConstantCallSite
java/lang/invoke/MutableCallSite
java/lang/invoke/VolatileCallSite
java/lang/AssertionStatusDirectives
java/lang/Appendable
java/lang/AbstractStringBuilder
java/lang/StringBuffer
java/lang/StringBuilder
jdk/internal/misc/UnsafeConstants
jdk/internal/misc/Unsafe
jdk/internal/module/Modules
java/lang/AutoCloseable
java/io/Closeable
java/io/InputStream
java/io/ByteArrayInputStream
java/net/URL
java/util/jar/Manifest
jdk/internal/loader/BuiltinClassLoader
jdk/internal/loader/ClassLoaders
jdk/internal/loader/ClassLoaders$AppClassLoader
jdk/internal/loader/ClassLoaders$PlatformClassLoader
java/security/CodeSource
java/util/AbstractMap
java/util/concurrent/ConcurrentMap
java/util/concurrent/ConcurrentHashMap
java/lang/Iterable
java/util/Collection
java/util/AbstractCollection
java/util/List
java/util/AbstractList
java/util/RandomAccess
java/util/ArrayList
java/lang/StackTraceElement
java/nio/Buffer
java/lang/StackWalker
java/lang/StackStreamFactory$AbstractStackWalker
java/lang/StackWalker$StackFrame
java/lang/StackFrameInfo
java/lang/LiveStackFrame
java/lang/LiveStackFrameInfo
java/util/concurrent/locks/AbstractOwnableSynchronizer
java/lang/Boolean
java/lang/Character
java/lang/Number
java/lang/Float
java/lang/Double
java/lang/Byte
java/lang/Short
java/lang/Integer
java/lang/Long
java/util/Iterator
java/lang/reflect/RecordComponent
jdk/internal/vm/vector/VectorSupport
jdk/internal/vm/vector/VectorSupport$VectorPayload
jdk/internal/vm/vector/VectorSupport$Vector
jdk/internal/vm/vector/VectorSupport$VectorMask
jdk/internal/vm/vector/VectorSupport$VectorShuffle
java/lang/Integer$IntegerCache
java/lang/Long$LongCache
java/lang/Byte$ByteCache
java/lang/Short$ShortCache
java/lang/Character$CharacterCache
java/util/jar/Attributes$Name
java/util/ImmutableCollections$AbstractImmutableMap
java/util/ImmutableCollections$MapN
sun/util/locale/BaseLocale
jdk/internal/module/ArchivedModuleGraph
java/lang/module/ModuleFinder
jdk/internal/module/SystemModuleFinders$SystemModuleFinder
java/util/ImmutableCollections$AbstractImmutableCollection
java/util/Set
java/util/ImmutableCollections$AbstractImmutableSet
java/util/ImmutableCollections$SetN
java/lang/module/ModuleReference
jdk/internal/module/ModuleReferenceImpl
java/lang/module/ModuleDescriptor
java/lang/module/ModuleDescriptor$Version
java/util/ImmutableCollections$Set12
java/lang/module/ModuleDescriptor$Requires
java/lang/Enum
java/lang/module/ModuleDescriptor$Requires$Modifier
java/lang/module/ModuleDescriptor$Exports
java/lang/module/ModuleDescriptor$Provides
java/util/ImmutableCollections$AbstractImmutableList
java/util/ImmutableCollections$List12
java/net/URI
java/util/function/Supplier
jdk/internal/module/SystemModuleFinders$2
jdk/internal/module/ModuleHashes$HashSupplier
jdk/internal/module/SystemModuleFinders$3
java/util/ImmutableCollections$ListN
java/lang/module/ModuleDescriptor$Opens
jdk/internal/module/ModuleTarget
jdk/internal/module/ModuleHashes
java/util/Collections$UnmodifiableMap
java/util/HashMap
java/util/Map$Entry
java/util/HashMap$Node
java/lang/module/Configuration
java/lang/module/ResolvedModule
java/util/function/Function
jdk/internal/module/ModuleLoaderMap$Mapper
java/util/ImmutableCollections
java/lang/ModuleLayer
jdk/internal/math/FDBigInteger
jdk/internal/loader/ArchivedClassLoaders
jdk/internal/loader/ClassLoaders$BootClassLoader
java/security/Principal
java/security/ProtectionDomain$Key
jdk/internal/loader/NativeLibraries
java/util/concurrent/ConcurrentHashMap$Node
jdk/internal/loader/AbstractClassLoaderValue
jdk/internal/loader/ClassLoaderValue
jdk/internal/module/ServicesCatalog
java/util/concurrent/CopyOnWriteArrayList
jdk/internal/module/ServicesCatalog$ServiceProvider
java/util/AbstractSet
java/util/HashSet
jdk/internal/loader/BuiltinClassLoader$LoadedModule
jdk/internal/module/ArchivedBootLayer
java/lang/Module$ArchivedData
java/lang/NullPointerException
java/lang/ArithmeticException
java/io/ObjectStreamField
java/util/Comparator
java/lang/String$CaseInsensitiveComparator
jdk/internal/misc/CDS
jdk/internal/access/JavaLangReflectAccess
java/lang/reflect/ReflectAccess
jdk/internal/access/SharedSecrets
java/lang/invoke/MethodHandles
java/lang/invoke/MemberName$Factory
java/security/Guard
java/security/Permission
java/security/BasicPermission
java/lang/reflect/ReflectPermission
java/lang/StringLatin1
java/lang/invoke/MethodHandles$Lookup
java/util/Objects
jdk/internal/reflect/Reflection
java/lang/Math
java/util/ImmutableCollections$MapN$1
java/util/ImmutableCollections$MapN$MapNIterator
java/util/KeyValueHolder
java/util/LinkedHashMap$Entry
java/util/HashMap$TreeNode
java/lang/Runtime
java/util/concurrent/locks/Lock
java/util/concurrent/locks/ReentrantLock
java/util/concurrent/ConcurrentHashMap$Segment
java/util/concurrent/ConcurrentHashMap$CounterCell
java/util/concurrent/locks/LockSupport
java/util/concurrent/ConcurrentHashMap$ReservationNode
java/security/PrivilegedAction
jdk/internal/reflect/ReflectionFactory$GetReflectionFactoryAction
jdk/internal/reflect/ReflectionFactory
java/lang/ref/Reference$ReferenceHandler
jdk/internal/ref/Cleaner
java/lang/ref/ReferenceQueue
java/lang/ref/ReferenceQueue$Null
java/lang/ref/ReferenceQueue$Lock
jdk/internal/access/JavaLangRefAccess
java/lang/ref/Reference$1
java/lang/ref/Finalizer$FinalizerThread
jdk/internal/access/JavaLangAccess
java/lang/System$2
jdk/internal/misc/VM
jdk/internal/util/SystemProps
jdk/internal/util/SystemProps$Raw
java/lang/StringConcatHelper
java/lang/VersionProps
java/util/Arrays
java/lang/CharacterData
java/lang/CharacterDataLatin1
java/util/HashMap$EntrySet
java/util/HashMap$HashIterator
java/util/HashMap$EntryIterator
jdk/internal/util/StaticProperty
java/io/FileInputStream
java/io/FileDescriptor
jdk/internal/access/JavaIOFileDescriptorAccess
java/io/FileDescriptor$1
java/io/Flushable
java/io/OutputStream
java/io/FileOutputStream
java/io/FilterInputStream
java/io/BufferedInputStream
java/io/FilterOutputStream
java/io/PrintStream
java/io/BufferedOutputStream
java/nio/charset/Charset
java/nio/charset/spi/CharsetProvider
sun/nio/cs/StandardCharsets
java/lang/ThreadLocal
java/util/concurrent/atomic/AtomicInteger
sun/nio/cs/HistoricallyNamedCharset
sun/nio/cs/Unicode
sun/nio/cs/UTF_8
java/io/Writer
java/io/OutputStreamWriter
sun/nio/cs/StreamEncoder
java/nio/charset/CharsetEncoder
sun/nio/cs/UTF_8$Encoder
java/nio/charset/CodingErrorAction
java/nio/ByteBuffer
jdk/internal/misc/ScopedMemoryAccess
jdk/internal/access/JavaNioAccess
java/nio/Buffer$1
java/nio/HeapByteBuffer
java/nio/ByteOrder
java/io/BufferedWriter
java/lang/Terminator
jdk/internal/misc/Signal$Handler
java/lang/Terminator$1
jdk/internal/misc/Signal
java/util/Hashtable$Entry
jdk/internal/misc/Signal$NativeHandler
jdk/internal/misc/OSEnvironment
java/util/Collections
java/util/Collections$EmptySet
java/util/Collections$EmptyList
java/util/Collections$EmptyMap
java/lang/IllegalArgumentException
java/lang/invoke/MethodHandleStatics
sun/security/action/GetPropertyAction
jdk/internal/module/ModuleBootstrap
sun/invoke/util/VerifyAccess
java/lang/reflect/Modifier
jdk/internal/access/JavaLangModuleAccess
java/lang/module/ModuleDescriptor$1
java/io/File
java/io/DefaultFileSystem
java/io/FileSystem
java/io/UnixFileSystem
jdk/internal/util/ArraysSupport
jdk/internal/module/ModulePatcher
jdk/internal/module/ModuleBootstrap$Counters
jdk/internal/access/JavaNetUriAccess
java/net/URI$1
java/security/cert/Certificate
java/lang/ClassLoader$ParallelLoaders
java/util/WeakHashMap
java/util/WeakHashMap$Entry
java/util/Collections$SetFromMap
java/util/WeakHashMap$KeySet
jdk/internal/access/JavaSecurityAccess
java/security/ProtectionDomain$JavaSecurityAccessImpl
jdk/internal/loader/ClassLoaderHelper
java/util/Queue
java/util/Deque
java/util/ArrayDeque
jdk/internal/loader/BootLoader
jdk/internal/loader/URLClassPath
java/net/URLStreamHandlerFactory
java/net/URL$DefaultFactory
jdk/internal/access/JavaNetURLAccess
java/net/URL$3
java/io/File$PathStatus
sun/net/www/ParseUtil
java/util/HexFormat
java/net/URLStreamHandler
sun/net/www/protocol/file/Handler
sun/net/util/IPAddressUtil
jdk/internal/util/Preconditions
java/lang/invoke/StringConcatFactory
java/lang/invoke/StringConcatFactory$1
java/lang/invoke/StringConcatFactory$2
java/lang/invoke/StringConcatFactory$3
jdk/internal/vm/PostVMInitHook
sun/launcher/LauncherHelper
java/lang/StringCoding
sun/net/util/URLUtil
java/util/Locale
sun/util/locale/LocaleUtils
java/util/Optional
sun/util/locale/BaseLocale$Key
sun/util/locale/LocaleObjectCache
sun/util/locale/BaseLocale$Cache
sun/util/locale/LocaleObjectCache$CacheEntry
java/util/Locale$Cache
java/security/PrivilegedExceptionAction
jdk/internal/loader/URLClassPath$3
jdk/internal/loader/URLClassPath$Loader
jdk/internal/loader/URLClassPath$FileLoader
jdk/internal/loader/Resource
jdk/internal/loader/URLClassPath$FileLoader$1
java/lang/ref/Cleaner$Cleanable
jdk/internal/ref/PhantomCleanable
java/io/FileCleanable
jdk/internal/ref/CleanerFactory
java/util/concurrent/ThreadFactory
jdk/internal/ref/CleanerFactory$1
java/lang/ref/Cleaner
java/lang/ref/Cleaner$1
jdk/internal/ref/CleanerImpl
jdk/internal/ref/CleanerImpl$PhantomCleanableRef
jdk/internal/ref/CleanerImpl$CleanerCleanable
jdk/internal/misc/InnocuousThread
sun/nio/ByteBuffered
java/io/FileInputStream$1
java/security/SecureClassLoader$CodeSourceKey
java/security/SecureClassLoader$1
java/security/PermissionCollection
sun/security/util/LazyCodeSourcePermissionCollection
java/security/Permissions
java/lang/RuntimePermission
java/security/BasicPermissionCollection
java/security/AllPermission
java/security/UnresolvedPermission
java/security/SecureClassLoader$DebugHolder
sun/security/util/Debug
Sample
java/lang/NamedPackage
java/lang/Class$ReflectionData
java/lang/Class$Atomic
java/lang/PublicMethods$MethodList
java/lang/PublicMethods$Key
java/lang/Void
java/util/Date
sun/util/calendar/CalendarSystem
sun/util/calendar/CalendarSystem$GregorianHolder
sun/util/calendar/AbstractCalendar
sun/util/calendar/BaseCalendar
sun/util/calendar/Gregorian
java/util/TimeZone
sun/util/calendar/ZoneInfo
sun/util/calendar/ZoneInfoFile
sun/util/calendar/ZoneInfoFile$1
java/io/DataInput
java/io/DataInputStream
java/lang/StringUTF16
sun/util/calendar/ZoneInfoFile$ZoneOffsetTransitionRule
java/util/zip/Checksum
java/util/zip/CRC32
sun/util/calendar/ZoneInfoFile$Checksum
java/util/zip/Checksum$1
java/util/zip/ZipUtils
jdk/internal/loader/NativeLibraries$LibraryPaths
jdk/internal/loader/NativeLibraries$1
java/util/ArrayDeque$DeqIterator
jdk/internal/loader/NativeLibrary
jdk/internal/loader/NativeLibraries$NativeLibraryImpl
sun/util/calendar/CalendarDate
sun/util/calendar/BaseCalendar$Date
sun/util/calendar/Gregorian$Date
sun/util/calendar/CalendarUtils
sun/util/locale/provider/TimeZoneNameUtility
java/util/spi/LocaleServiceProvider
java/util/spi/TimeZoneNameProvider
sun/util/locale/provider/LocaleServiceProviderPool
java/text/spi/BreakIteratorProvider
java/text/spi/CollatorProvider
java/text/spi/DateFormatProvider
java/text/spi/DateFormatSymbolsProvider
java/text/spi/DecimalFormatSymbolsProvider
java/text/spi/NumberFormatProvider
java/util/spi/CurrencyNameProvider
java/util/spi/LocaleNameProvider
java/util/spi/CalendarDataProvider
sun/util/locale/provider/LocaleServiceProviderPool$LocalizedObjectGetter
sun/util/locale/provider/TimeZoneNameUtility$TimeZoneNameGetter
java/util/ResourceBundle$Control
java/util/ResourceBundle
java/util/ResourceBundle$Control$CandidateListCache
java/util/ResourceBundle$SingleFormatControl
java/util/ResourceBundle$NoFallbackControl
java/util/AbstractSequentialList
java/util/LinkedList
java/util/LinkedList$Node
java/util/ArrayList$Itr
sun/util/locale/provider/LocaleProviderAdapter
sun/util/locale/provider/LocaleProviderAdapter$Type
java/util/Collections$UnmodifiableCollection
java/util/Collections$UnmodifiableList
java/util/Collections$UnmodifiableRandomAccessList
java/util/Collections$UnmodifiableCollection$1
sun/util/locale/provider/LocaleProviderAdapter$1
sun/util/locale/provider/ResourceBundleBasedAdapter
sun/util/locale/provider/JRELocaleProviderAdapter
sun/util/cldr/CLDRLocaleProviderAdapter
sun/util/locale/provider/LocaleDataMetaInfo
sun/util/cldr/CLDRBaseLocaleDataMetaInfo
sun/util/locale/LanguageTag
sun/util/locale/ParseStatus
sun/util/locale/StringTokenIterator
sun/util/locale/InternalLocaleBuilder
sun/util/locale/InternalLocaleBuilder$CaseInsensitiveChar
jdk/internal/reflect/DelegatingConstructorAccessorImpl
java/lang/invoke/LambdaMetafactory
java/lang/invoke/MethodType$ConcurrentWeakInternSet
java/lang/invoke/MethodTypeForm
java/lang/invoke/MethodType$ConcurrentWeakInternSet$WeakEntry
sun/invoke/util/Wrapper
sun/invoke/util/Wrapper$Format
java/lang/invoke/LambdaForm$NamedFunction
java/lang/invoke/DirectMethodHandle$Holder
sun/invoke/util/ValueConversions
java/lang/invoke/MethodHandleImpl
java/lang/invoke/Invokers
java/lang/invoke/LambdaForm$Kind
java/lang/NoSuchMethodException
java/lang/invoke/LambdaForm$BasicType
java/lang/reflect/Array
java/lang/invoke/LambdaForm$Name
java/lang/invoke/LambdaForm$Holder
java/lang/invoke/InvokerBytecodeGenerator
java/lang/invoke/InvokerBytecodeGenerator$2
java/lang/invoke/MethodHandleImpl$Intrinsic
@lambda-form-invoker [LF_RESOLVE] java.lang.invoke.DirectMethodHandle$Holder invokeStatic L7_L
@lambda-form-invoker [LF_RESOLVE] java.lang.invoke.DirectMethodHandle$Holder invokeStatic L_L
java/lang/invoke/BootstrapMethodInvoker
java/lang/invoke/VarHandle$AccessMode
java/lang/invoke/VarHandle$AccessType
java/lang/invoke/Invokers$Holder
@lambda-form-invoker [LF_RESOLVE] java.lang.invoke.DirectMethodHandle$Holder invokeSpecial L8_L
@lambda-form-invoker [LF_RESOLVE] java.lang.invoke.Invokers$Holder invokeExact_MT L8_L
jdk/internal/access/JavaLangInvokeAccess
java/lang/invoke/MethodHandleImpl$1
java/lang/invoke/AbstractValidatingLambdaMetafactory
java/lang/invoke/InnerClassLambdaMetafactory
jdk/internal/org/objectweb/asm/Type
sun/security/action/GetBooleanAction
jdk/internal/org/objectweb/asm/Handle
sun/invoke/util/BytecodeDescriptor
jdk/internal/org/objectweb/asm/ConstantDynamic
java/lang/invoke/MethodHandleInfo
java/lang/invoke/InfoFromMemberName
jdk/internal/org/objectweb/asm/ClassVisitor
jdk/internal/org/objectweb/asm/ClassWriter
jdk/internal/org/objectweb/asm/SymbolTable
jdk/internal/org/objectweb/asm/Symbol
jdk/internal/org/objectweb/asm/SymbolTable$Entry
jdk/internal/org/objectweb/asm/ByteVector
jdk/internal/org/objectweb/asm/MethodVisitor
jdk/internal/org/objectweb/asm/MethodWriter
jdk/internal/org/objectweb/asm/Label
java/lang/invoke/TypeConvertingMethodAdapter
java/lang/invoke/InnerClassLambdaMetafactory$ForwardingMethodGenerator
jdk/internal/org/objectweb/asm/Handler
jdk/internal/org/objectweb/asm/Attribute
jdk/internal/org/objectweb/asm/AnnotationVisitor
jdk/internal/org/objectweb/asm/AnnotationWriter
java/lang/invoke/MethodHandles$Lookup$ClassOption
java/lang/invoke/MethodHandles$Lookup$ClassFile
jdk/internal/org/objectweb/asm/ClassReader
java/util/ImmutableCollections$Set12$1
java/lang/invoke/MethodHandles$Lookup$ClassDefiner
java/lang/invoke/LambdaProxyClassArchive
java/lang/invoke/InnerClassLambdaMetafactory$1
java/lang/invoke/BoundMethodHandle
java/lang/invoke/ClassSpecializer
java/lang/invoke/BoundMethodHandle$Specializer
java/lang/invoke/ClassSpecializer$1
java/lang/invoke/ClassSpecializer$SpeciesData
java/lang/invoke/BoundMethodHandle$SpeciesData
java/lang/invoke/ClassSpecializer$Factory
java/lang/invoke/BoundMethodHandle$Specializer$Factory
java/lang/invoke/SimpleMethodHandle
@lambda-form-invoker [SPECIES_RESOLVE] java.lang.invoke.SimpleMethodHandle
@lambda-form-invoker [LF_RESOLVE] java.lang.invoke.DirectMethodHandle$Holder invokeStatic L3_L
java/lang/NoSuchFieldException
java/lang/invoke/BoundMethodHandle$Species_L
@lambda-form-invoker [SPECIES_RESOLVE] java.lang.invoke.BoundMethodHandle$Species_L
@lambda-form-invoker [LF_RESOLVE] java.lang.invoke.DirectMethodHandle$Holder invokeStatic L4_L
sun/invoke/util/VerifyType
sun/invoke/empty/Empty
java/lang/invoke/DirectMethodHandle$2
@lambda-form-invoker [LF_RESOLVE] java.lang.invoke.DirectMethodHandle$Holder getReference LL_L
java/lang/invoke/DirectMethodHandle$Accessor
@lambda-form-invoker [LF_RESOLVE] java.lang.invoke.LambdaForm$Holder identity_L LL_L
java/lang/invoke/DelegatingMethodHandle
java/lang/invoke/MethodHandleImpl$IntrinsicMethodHandle
java/lang/invoke/DelegatingMethodHandle$Holder
sun/invoke/util/Wrapper$1
@lambda-form-invoker [LF_RESOLVE] java.lang.invoke.LambdaForm$Holder zero_L L_L
java/lang/invoke/LambdaFormEditor
java/lang/invoke/LambdaFormEditor$TransformKey
java/lang/invoke/LambdaFormBuffer
java/lang/invoke/LambdaFormEditor$Transform
jdk/internal/org/objectweb/asm/Frame
java/lang/invoke/InvokerBytecodeGenerator$ClassData
jdk/internal/org/objectweb/asm/FieldVisitor
jdk/internal/org/objectweb/asm/FieldWriter
java/util/ImmutableCollections$SetN$SetNIterator
@lambda-form-invoker [LF_RESOLVE] java.lang.invoke.DirectMethodHandle$Holder invokeSpecial LL_L
@lambda-form-invoker [LF_RESOLVE] java.lang.invoke.Invokers$Holder linkToTargetMethod L_L
@lambda-proxy sun/util/cldr/CLDRLocaleProviderAdapter run ()Ljava/security/PrivilegedExceptionAction; ()Ljava/lang/Object; REF_invokeStatic sun/util/cldr/CLDRLocaleProviderAdapter lambda$new$0 ()Lsun/util/locale/provider/LocaleDataMetaInfo; ()Lsun/util/locale/provider/LocaleDataMetaInfo;
java/util/ServiceLoader
java/util/ServiceLoader$ModuleServicesLookupIterator
jdk/internal/loader/AbstractClassLoaderValue$Memoizer
java/util/ListIterator
java/util/concurrent/CopyOnWriteArrayList$COWIterator
java/util/ServiceLoader$LazyClassPathLookupIterator
java/util/ServiceLoader$2
java/util/ServiceLoader$3
jdk/internal/loader/BuiltinClassLoader$5
java/lang/module/ModuleReader
jdk/internal/module/SystemModuleFinders$SystemModuleReader
jdk/internal/module/ModulePatcher$PatchedModuleReader
jdk/internal/module/SystemModuleFinders$SystemImage
jdk/internal/jimage/ImageReaderFactory
java/nio/file/Paths
java/nio/file/Watchable
java/nio/file/Path
java/nio/file/FileSystems
java/nio/file/FileSystems$DefaultFileSystemHolder
java/nio/file/FileSystems$DefaultFileSystemHolder$1
sun/nio/fs/DefaultFileSystemProvider
java/nio/file/spi/FileSystemProvider
sun/nio/fs/AbstractFileSystemProvider
sun/nio/fs/ExtendedFileSystemProvider
sun/nio/fs/UnixFileSystemProvider
sun/nio/fs/BsdFileSystemProvider
sun/nio/fs/MacOSXFileSystemProvider
java/nio/file/OpenOption
java/nio/file/StandardOpenOption
java/nio/file/FileSystem
sun/nio/fs/UnixFileSystem
sun/nio/fs/BsdFileSystem
sun/nio/fs/MacOSXFileSystem
sun/nio/fs/UnixPath
sun/nio/fs/Util
sun/nio/fs/UnixNativeDispatcher
java/util/concurrent/ConcurrentHashMap$CollectionView
java/util/concurrent/ConcurrentHashMap$ValuesView
java/util/concurrent/ConcurrentHashMap$Traverser
java/util/concurrent/ConcurrentHashMap$BaseIterator
java/util/Enumeration
java/util/concurrent/ConcurrentHashMap$ValueIterator
java/nio/file/attribute/BasicFileAttributes
java/nio/file/attribute/PosixFileAttributes
sun/nio/fs/UnixFileAttributes
sun/nio/fs/UnixFileStoreAttributes
sun/nio/fs/UnixMountEntry
java/net/URI$Parser
jdk/internal/jimage/ImageReaderFactory$1
jdk/internal/jimage/ImageReader
jdk/internal/jimage/BasicImageReader
jdk/internal/jimage/ImageReader$SharedImageReader
jdk/internal/jimage/BasicImageReader$1
jdk/internal/jimage/NativeImageBuffer
jdk/internal/jimage/NativeImageBuffer$1
sun/nio/ch/DirectBuffer
java/nio/MappedByteBuffer
java/nio/DirectByteBuffer
java/nio/Bits
java/util/concurrent/atomic/AtomicLong
jdk/internal/misc/VM$BufferPool
java/nio/Bits$1
jdk/internal/jimage/ImageHeader
java/nio/IntBuffer
java/nio/DirectIntBufferU
java/nio/DirectByteBufferR
java/nio/DirectIntBufferRU
jdk/internal/jimage/ImageStrings
jdk/internal/jimage/ImageStringsReader
jdk/internal/jimage/decompressor/Decompressor
jdk/internal/jimage/ImageLocation
sun/net/www/protocol/jrt/Handler
sun/util/resources/cldr/provider/CLDRLocaleDataMetaInfo
java/util/ServiceLoader$1
java/util/ServiceLoader$Provider
java/util/ServiceLoader$ProviderImpl
@lambda-form-invoker [LF_RESOLVE] java.lang.invoke.DirectMethodHandle$Holder newInvokeSpecial LL_L
java/lang/invoke/DirectMethodHandle$Constructor
@lambda-form-invoker [LF_RESOLVE] java.lang.invoke.DirectMethodHandle$Holder invokeSpecial L3_L
@lambda-form-invoker [LF_RESOLVE] java.lang.invoke.Invokers$Holder linkToTargetMethod LL_L
@lambda-proxy sun/util/cldr/CLDRLocaleProviderAdapter run (Lsun/util/cldr/CLDRLocaleProviderAdapter;)Ljava/security/PrivilegedAction; ()Ljava/lang/Object; REF_invokeVirtual sun/util/cldr/CLDRLocaleProviderAdapter lambda$getTimeZoneNameProvider$3 ()Ljava/util/spi/TimeZoneNameProvider; ()Ljava/util/spi/TimeZoneNameProvider;
sun/util/locale/provider/TimeZoneNameProviderImpl
sun/util/cldr/CLDRTimeZoneNameProviderImpl
java/util/StringTokenizer
java/util/Collections$EmptyIterator
@lambda-proxy sun/util/locale/provider/JRELocaleProviderAdapter run (Lsun/util/locale/provider/JRELocaleProviderAdapter;)Ljava/security/PrivilegedAction; ()Ljava/lang/Object; REF_invokeVirtual sun/util/locale/provider/JRELocaleProviderAdapter lambda$getTimeZoneNameProvider$8 ()Ljava/util/spi/TimeZoneNameProvider; ()Ljava/util/spi/TimeZoneNameProvider;
sun/util/locale/provider/BaseLocaleDataMetaInfo
@lambda-form-invoker [LF_RESOLVE] java.lang.invoke.DirectMethodHandle$Holder invokeStatic LL_L
@lambda-proxy sun/util/locale/provider/JRELocaleProviderAdapter run (Ljava/lang/String;)Ljava/security/PrivilegedExceptionAction; ()Ljava/lang/Object; REF_invokeStatic sun/util/locale/provider/JRELocaleProviderAdapter lambda$createSupportedLocaleString$13 (Ljava/lang/String;)Ljava/lang/String; ()Ljava/lang/String;
sun/util/resources/provider/NonBaseLocaleDataMetaInfo
java/util/ImmutableCollections$ListItr
java/util/Collections$EmptyEnumeration
sun/util/locale/provider/LocaleResources
sun/util/resources/LocaleData
sun/util/resources/LocaleData$1
sun/util/resources/Bundles$Strategy
sun/util/resources/LocaleData$LocaleDataStrategy
sun/util/resources/Bundles
sun/util/resources/Bundles$1
jdk/internal/access/JavaUtilResourceBundleAccess
java/util/ResourceBundle$1
java/util/ResourceBundle$2
sun/util/resources/Bundles$CacheKey
sun/util/resources/OpenListResourceBundle
sun/util/resources/TimeZoneNamesBundle
sun/util/resources/cldr/TimeZoneNames
java/util/ResourceBundle$ResourceBundleProviderHelper
@lambda-proxy java/util/ResourceBundle$ResourceBundleProviderHelper run (Ljava/lang/reflect/Constructor;)Ljava/security/PrivilegedAction; ()Ljava/lang/Object; REF_invokeStatic java/util/ResourceBundle$ResourceBundleProviderHelper lambda$newResourceBundle$0 (Ljava/lang/reflect/Constructor;)Ljava/lang/Void; ()Ljava/lang/Void;
sun/util/resources/Bundles$CacheKeyReference
sun/util/resources/Bundles$BundleReference
sun/util/resources/cldr/TimeZoneNames_en
java/util/LinkedHashMap
java/util/LinkedHashMap$LinkedKeySet
sun/util/cldr/CLDRBaseLocaleDataMetaInfo$TZCanonicalIDMapHolder
sun/util/locale/provider/LocaleResources$ResourceReference
sun/util/resources/TimeZoneNames
sun/util/resources/TimeZoneNames_en
java/lang/Readable
java/nio/CharBuffer
java/nio/HeapCharBuffer
java/nio/charset/CoderResult
User
java/util/ArrayList$SubList
java/util/Spliterators
java/util/Spliterators$EmptySpliterator
java/util/Spliterator
java/util/Spliterators$EmptySpliterator$OfRef
java/util/Spliterator$OfPrimitive
java/util/Spliterator$OfInt
java/util/Spliterators$EmptySpliterator$OfInt
java/util/Spliterator$OfLong
java/util/Spliterators$EmptySpliterator$OfLong
java/util/Spliterator$OfDouble
java/util/Spliterators$EmptySpliterator$OfDouble
java/util/Spliterators$ArraySpliterator
java/util/stream/StreamSupport
java/util/stream/PipelineHelper
java/util/stream/BaseStream
java/util/stream/AbstractPipeline
java/util/stream/Stream
java/util/stream/ReferencePipeline
java/util/stream/ReferencePipeline$Head
java/util/stream/StreamOpFlag
java/util/stream/StreamOpFlag$Type
java/util/stream/StreamOpFlag$MaskBuilder
java/util/EnumMap
java/util/EnumMap$1
java/lang/Class$3
sun/reflect/annotation/AnnotationParser
jdk/internal/reflect/NativeMethodAccessorImpl
jdk/internal/reflect/DelegatingMethodAccessorImpl
java/lang/invoke/GenerateJLIClassesHelper
java/lang/invoke/GenerateJLIClassesHelper$HolderClassBuilder
java/util/SortedSet
java/util/NavigableSet
java/util/TreeSet
java/util/SortedMap
java/util/NavigableMap
java/util/TreeMap
@lambda-proxy java/lang/invoke/GenerateJLIClassesHelper apply ()Ljava/util/function/Function; (Ljava/lang/Object;)Ljava/lang/Object; REF_invokeStatic java/lang/invoke/GenerateJLIClassesHelper lambda$generateHolderClasses$0 (Ljava/lang/String;)[Ljava/lang/String; (Ljava/lang/String;)[Ljava/lang/String;
java/util/stream/ReferencePipeline$StatelessOp
java/util/stream/ReferencePipeline$3
java/util/stream/StreamShape
java/util/function/Consumer
java/lang/IncompatibleClassChangeError
java/lang/NoSuchMethodError
@lambda-form-invoker [LF_RESOLVE] java.lang.invoke.DirectMethodHandle$Holder invokeStatic L3_V
@lambda-proxy java/lang/invoke/GenerateJLIClassesHelper accept (Ljava/lang/invoke/GenerateJLIClassesHelper$HolderClassBuilder;)Ljava/util/function/Consumer; (Ljava/lang/Object;)V REF_invokeStatic java/lang/invoke/GenerateJLIClassesHelper lambda$generateHolderClasses$1 (Ljava/lang/invoke/GenerateJLIClassesHelper$HolderClassBuilder;[Ljava/lang/String;)V ([Ljava/lang/String;)V
java/util/stream/ForEachOps
java/util/stream/TerminalOp
java/util/stream/Sink
java/util/stream/TerminalSink
java/util/stream/ForEachOps$ForEachOp
java/util/stream/ForEachOps$ForEachOp$OfRef
java/util/stream/Sink$ChainedReference
java/util/stream/ReferencePipeline$3$1
java/util/TreeMap$Entry
java/util/TreeMap$Values
java/util/TreeMap$PrivateEntryIterator
java/util/TreeMap$ValueIterator
java/util/TreeMap$EntrySet
java/util/TreeMap$EntryIterator
java/util/TreeMap$KeySet
java/util/TreeMap$KeyIterator
@lambda-form-invoker [LF_RESOLVE] java.lang.invoke.DirectMethodHandle$Holder invokeInterface L3_I
@lambda-form-invoker [LF_RESOLVE] java.lang.invoke.DirectMethodHandle$Holder invokeSpecial L3I_L
@lambda-form-invoker [LF_RESOLVE] java.lang.invoke.DirectMethodHandle$Holder invokeSpecial L3J_L
@lambda-form-invoker [LF_RESOLVE] java.lang.invoke.DirectMethodHandle$Holder invokeSpecial L3_J
@lambda-form-invoker [LF_RESOLVE] java.lang.invoke.DirectMethodHandle$Holder invokeSpecial L3_L
@lambda-form-invoker [LF_RESOLVE] java.lang.invoke.DirectMethodHandle$Holder invokeSpecial L4_L
@lambda-form-invoker [LF_RESOLVE] java.lang.invoke.DirectMethodHandle$Holder invokeSpecial L4_V
@lambda-form-invoker [LF_RESOLVE] java.lang.invoke.DirectMethodHandle$Holder invokeSpecial L5_L
@lambda-form-invoker [LF_RESOLVE] java.lang.invoke.DirectMethodHandle$Holder invokeSpecial L6_L
@lambda-form-invoker [LF_RESOLVE] java.lang.invoke.DirectMethodHandle$Holder invokeSpecial L7_L
@lambda-form-invoker [LF_RESOLVE] java.lang.invoke.DirectMethodHandle$Holder invokeSpecial L8_L
@lambda-form-invoker [LF_RESOLVE] java.lang.invoke.DirectMethodHandle$Holder invokeSpecial LLD_L
@lambda-form-invoker [LF_RESOLVE] java.lang.invoke.DirectMethodHandle$Holder invokeSpecial LLII_L
@lambda-form-invoker [LF_RESOLVE] java.lang.invoke.DirectMethodHandle$Holder invokeSpecial LLIL_L
@lambda-form-invoker [LF_RESOLVE] java.lang.invoke.DirectMethodHandle$Holder invokeSpecial LLI_J
@lambda-form-invoker [LF_RESOLVE] java.lang.invoke.DirectMethodHandle$Holder invokeSpecial LLI_L
@lambda-form-invoker [LF_RESOLVE] java.lang.invoke.DirectMethodHandle$Holder invokeSpecial LLJI_J
@lambda-form-invoker [LF_RESOLVE] java.lang.invoke.DirectMethodHandle$Holder invokeSpecial LLJJ_J
@lambda-form-invoker [LF_RESOLVE] java.lang.invoke.DirectMethodHandle$Holder invokeSpecial LLJJ_L
@lambda-form-invoker [LF_RESOLVE] java.lang.invoke.DirectMethodHandle$Holder invokeSpecial LLJL3_J
@lambda-form-invoker [LF_RESOLVE] java.lang.invoke.DirectMethodHandle$Holder invokeSpecial LLJLIL_J
@lambda-form-invoker [LF_RESOLVE] java.lang.invoke.DirectMethodHandle$Holder invokeSpecial LLJLI_J
@lambda-form-invoker [LF_RESOLVE] java.lang.invoke.DirectMethodHandle$Holder invokeSpecial LLJLJL_J
@lambda-form-invoker [LF_RESOLVE] java.lang.invoke.DirectMethodHandle$Holder invokeSpecial LLJLJ_J
@lambda-form-invoker [LF_RESOLVE] java.lang.invoke.DirectMethodHandle$Holder invokeSpecial LLJLL_J
@lambda-form-invoker [LF_RESOLVE] java.lang.invoke.DirectMethodHandle$Holder invokeSpecial LLJL_J
@lambda-form-invoker [LF_RESOLVE] java.lang.invoke.DirectMethodHandle$Holder invokeSpecial LLJ_J
@lambda-form-invoker [LF_RESOLVE] java.lang.invoke.DirectMethodHandle$Holder invokeSpecial LLJ_L
@lambda-form-invoker [LF_RESOLVE] java.lang.invoke.DirectMethodHandle$Holder invokeSpecial LL_I
@lambda-form-invoker [LF_RESOLVE] java.lang.invoke.DirectMethodHandle$Holder invokeSpecial LL_L
@lambda-form-invoker [LF_RESOLVE] java.lang.invoke.DirectMethodHandle$Holder invokeSpecial LL_V
@lambda-form-invoker [LF_RESOLVE] java.lang.invoke.DirectMethodHandle$Holder invokeSpecialIFC L3I_I
@lambda-form-invoker [LF_RESOLVE] java.lang.invoke.DirectMethodHandle$Holder invokeSpecialIFC LLI_I
@lambda-form-invoker [LF_RESOLVE] java.lang.invoke.DirectMethodHandle$Holder invokeStatic L10_L
@lambda-form-invoker [LF_RESOLVE] java.lang.invoke.DirectMethodHandle$Holder invokeStatic L11_L
@lambda-form-invoker [LF_RESOLVE] java.lang.invoke.DirectMethodHandle$Holder invokeStatic L12_L
@lambda-form-invoker [LF_RESOLVE] java.lang.invoke.DirectMethodHandle$Holder invokeStatic L13_L
@lambda-form-invoker [LF_RESOLVE] java.lang.invoke.DirectMethodHandle$Holder invokeStatic L14_L
@lambda-form-invoker [LF_RESOLVE] java.lang.invoke.DirectMethodHandle$Holder invokeStatic L15_L
@lambda-form-invoker [LF_RESOLVE] java.lang.invoke.DirectMethodHandle$Holder invokeStatic L16_L
@lambda-form-invoker [LF_RESOLVE] java.lang.invoke.DirectMethodHandle$Holder invokeStatic L3DL_L
@lambda-form-invoker [LF_RESOLVE] java.lang.invoke.DirectMethodHandle$Holder invokeStatic L3D_L
@lambda-form-invoker [LF_RESOLVE] java.lang.invoke.DirectMethodHandle$Holder invokeStatic L3IL_L
@lambda-form-invoker [LF_RESOLVE] java.lang.invoke.DirectMethodHandle$Holder invokeStatic L3I_L
@lambda-form-invoker [LF_RESOLVE] java.lang.invoke.DirectMethodHandle$Holder invokeStatic L3_I
@lambda-form-invoker [LF_RESOLVE] java.lang.invoke.DirectMethodHandle$Holder invokeStatic L3_L
@lambda-form-invoker [LF_RESOLVE] java.lang.invoke.DirectMethodHandle$Holder invokeStatic L4J_L
@lambda-form-invoker [LF_RESOLVE] java.lang.invoke.DirectMethodHandle$Holder invokeStatic L4_L
@lambda-form-invoker [LF_RESOLVE] java.lang.invoke.DirectMethodHandle$Holder invokeStatic L5_L
@lambda-form-invoker [LF_RESOLVE] java.lang.invoke.DirectMethodHandle$Holder invokeStatic L5_V
@lambda-form-invoker [LF_RESOLVE] java.lang.invoke.DirectMethodHandle$Holder invokeStatic L6_L
@lambda-form-invoker [LF_RESOLVE] java.lang.invoke.DirectMethodHandle$Holder invokeStatic L7_L
@lambda-form-invoker [LF_RESOLVE] java.lang.invoke.DirectMethodHandle$Holder invokeStatic L8_L
@lambda-form-invoker [LF_RESOLVE] java.lang.invoke.DirectMethodHandle$Holder invokeStatic L9_L
@lambda-form-invoker [LF_RESOLVE] java.lang.invoke.DirectMethodHandle$Holder invokeStatic LD_L
@lambda-form-invoker [LF_RESOLVE] java.lang.invoke.DirectMethodHandle$Holder invokeStatic LI3_I
@lambda-form-invoker [LF_RESOLVE] java.lang.invoke.DirectMethodHandle$Holder invokeStatic LII_I
@lambda-form-invoker [LF_RESOLVE] java.lang.invoke.DirectMethodHandle$Holder invokeStatic LI_I
@lambda-form-invoker [LF_RESOLVE] java.lang.invoke.DirectMethodHandle$Holder invokeStatic LI_L
@lambda-form-invoker [LF_RESOLVE] java.lang.invoke.DirectMethodHandle$Holder invokeStatic LJI_J
@lambda-form-invoker [LF_RESOLVE] java.lang.invoke.DirectMethodHandle$Holder invokeStatic LJJ_J
@lambda-form-invoker [LF_RESOLVE] java.lang.invoke.DirectMethodHandle$Holder invokeStatic LJL3_J
@lambda-form-invoker [LF_RESOLVE] java.lang.invoke.DirectMethodHandle$Holder invokeStatic LJLIL_J
@lambda-form-invoker [LF_RESOLVE] java.lang.invoke.DirectMethodHandle$Holder invokeStatic LJLJL_J
@lambda-form-invoker [LF_RESOLVE] java.lang.invoke.DirectMethodHandle$Holder invokeStatic LJL_J
@lambda-form-invoker [LF_RESOLVE] java.lang.invoke.DirectMethodHandle$Holder invokeStatic LJ_L
@lambda-form-invoker [LF_RESOLVE] java.lang.invoke.DirectMethodHandle$Holder invokeStatic LLJ_L
@lambda-form-invoker [LF_RESOLVE] java.lang.invoke.DirectMethodHandle$Holder invokeStatic LL_I
@lambda-form-invoker [LF_RESOLVE] java.lang.invoke.DirectMethodHandle$Holder invokeStatic LL_L
@lambda-form-invoker [LF_RESOLVE] java.lang.invoke.DirectMethodHandle$Holder invokeStatic L_L
@lambda-form-invoker [LF_RESOLVE] java.lang.invoke.DirectMethodHandle$Holder invokeStatic L_V
@lambda-form-invoker [LF_RESOLVE] java.lang.invoke.DirectMethodHandle$Holder invokeStaticInit LL_L
@lambda-form-invoker [LF_RESOLVE] java.lang.invoke.DirectMethodHandle$Holder invokeVirtual L3_V
@lambda-form-invoker [LF_RESOLVE] java.lang.invoke.DirectMethodHandle$Holder invokeVirtual LL_L
@lambda-form-invoker [LF_RESOLVE] java.lang.invoke.DirectMethodHandle$Holder newInvokeSpecial L3_L
@lambda-form-invoker [LF_RESOLVE] java.lang.invoke.DirectMethodHandle$Holder newInvokeSpecial L4_L
@lambda-form-invoker [LF_RESOLVE] java.lang.invoke.DirectMethodHandle$Holder newInvokeSpecial LII_L
@lambda-form-invoker [LF_RESOLVE] java.lang.invoke.DirectMethodHandle$Holder newInvokeSpecial LI_L
@lambda-form-invoker [LF_RESOLVE] java.lang.invoke.DirectMethodHandle$Holder newInvokeSpecial LL_L
@lambda-form-invoker [LF_RESOLVE] java.lang.invoke.DirectMethodHandle$Holder newInvokeSpecial L_L
@lambda-form-invoker [LF_RESOLVE] java.lang.invoke.LambdaForm$Holder identity_I LI_I
@lambda-form-invoker [LF_RESOLVE] java.lang.invoke.LambdaForm$Holder zero_I L_I
java/util/Arrays$ArrayList
java/util/Arrays$ArrayItr
@lambda-form-invoker [LF_RESOLVE] java.lang.invoke.DirectMethodHandle$Holder invokeSpecial L4_I
@lambda-form-invoker [LF_RESOLVE] java.lang.invoke.DirectMethodHandle$Holder invokeSpecial L4I_L
@lambda-form-invoker [LF_RESOLVE] java.lang.invoke.DirectMethodHandle$Holder invokeSpecial L4J_L
@lambda-form-invoker [LF_RESOLVE] java.lang.invoke.LambdaForm$Holder identity_J LJ_J
@lambda-form-invoker [LF_RESOLVE] java.lang.invoke.LambdaForm$Holder zero_J L_J
@lambda-form-invoker [LF_RESOLVE] java.lang.invoke.DirectMethodHandle$Holder invokeSpecial L4_J
@lambda-form-invoker [LF_RESOLVE] java.lang.invoke.DirectMethodHandle$Holder invokeSpecial L4_L
@lambda-form-invoker [LF_RESOLVE] java.lang.invoke.DirectMethodHandle$Holder invokeSpecial L5_L
@lambda-form-invoker [LF_RESOLVE] java.lang.invoke.LambdaForm$Holder identity_V L_V
@lambda-form-invoker [LF_RESOLVE] java.lang.invoke.DirectMethodHandle$Holder invokeSpecial L5_V
@lambda-form-invoker [LF_RESOLVE] java.lang.invoke.DirectMethodHandle$Holder invokeSpecial L6_L
@lambda-form-invoker [LF_RESOLVE] java.lang.invoke.DirectMethodHandle$Holder invokeSpecial L7_L
@lambda-form-invoker [LF_RESOLVE] java.lang.invoke.DirectMethodHandle$Holder invokeSpecial L9_L
@lambda-form-invoker [LF_RESOLVE] java.lang.invoke.DirectMethodHandle$Holder invokeSpecial L3D_L
@lambda-form-invoker [LF_RESOLVE] java.lang.invoke.DirectMethodHandle$Holder invokeSpecial L3II_L
@lambda-form-invoker [LF_RESOLVE] java.lang.invoke.DirectMethodHandle$Holder invokeSpecial L3IL_L
@lambda-form-invoker [LF_RESOLVE] java.lang.invoke.DirectMethodHandle$Holder invokeSpecial L3I_J
@lambda-form-invoker [LF_RESOLVE] java.lang.invoke.DirectMethodHandle$Holder invokeSpecial L3I_L
@lambda-form-invoker [LF_RESOLVE] java.lang.invoke.DirectMethodHandle$Holder invokeSpecial L3JI_J
@lambda-form-invoker [LF_RESOLVE] java.lang.invoke.DirectMethodHandle$Holder invokeSpecial L3JJ_J
@lambda-form-invoker [LF_RESOLVE] java.lang.invoke.DirectMethodHandle$Holder invokeSpecial L3JJ_L
@lambda-form-invoker [LF_RESOLVE] java.lang.invoke.DirectMethodHandle$Holder invokeSpecial L3JL3_J
@lambda-form-invoker [LF_RESOLVE] java.lang.invoke.DirectMethodHandle$Holder invokeSpecial L3JLIL_J
@lambda-form-invoker [LF_RESOLVE] java.lang.invoke.DirectMethodHandle$Holder invokeSpecial L3JLI_J
@lambda-form-invoker [LF_RESOLVE] java.lang.invoke.DirectMethodHandle$Holder invokeSpecial L3JLJL_J
@lambda-form-invoker [LF_RESOLVE] java.lang.invoke.DirectMethodHandle$Holder invokeSpecial L3JLJ_J
@lambda-form-invoker [LF_RESOLVE] java.lang.invoke.DirectMethodHandle$Holder invokeSpecial L3JLL_J
@lambda-form-invoker [LF_RESOLVE] java.lang.invoke.DirectMethodHandle$Holder invokeSpecial L3JL_J
@lambda-form-invoker [LF_RESOLVE] java.lang.invoke.DirectMethodHandle$Holder invokeSpecial L3J_J
@lambda-form-invoker [LF_RESOLVE] java.lang.invoke.DirectMethodHandle$Holder invokeSpecial L3J_L
@lambda-form-invoker [LF_RESOLVE] java.lang.invoke.DirectMethodHandle$Holder invokeSpecial L3_I
@lambda-form-invoker [LF_RESOLVE] java.lang.invoke.DirectMethodHandle$Holder invokeSpecial L3_V
@lambda-form-invoker [LF_RESOLVE] java.lang.invoke.DirectMethodHandle$Holder invokeSpecial L4I_I
@lambda-form-invoker [LF_RESOLVE] java.lang.invoke.DirectMethodHandle$Holder invokeSpecial L3I_I
@lambda-form-invoker [LF_RESOLVE] java.lang.invoke.DirectMethodHandle$Holder invokeSpecial L11_L
@lambda-form-invoker [LF_RESOLVE] java.lang.invoke.DirectMethodHandle$Holder invokeSpecial L12_L
@lambda-form-invoker [LF_RESOLVE] java.lang.invoke.DirectMethodHandle$Holder invokeSpecial L13_L
@lambda-form-invoker [LF_RESOLVE] java.lang.invoke.DirectMethodHandle$Holder invokeSpecial L14_L
@lambda-form-invoker [LF_RESOLVE] java.lang.invoke.DirectMethodHandle$Holder invokeSpecial L15_L
@lambda-form-invoker [LF_RESOLVE] java.lang.invoke.DirectMethodHandle$Holder invokeSpecial L16_L
@lambda-form-invoker [LF_RESOLVE] java.lang.invoke.DirectMethodHandle$Holder invokeSpecial L17_L
@lambda-form-invoker [LF_RESOLVE] java.lang.invoke.DirectMethodHandle$Holder invokeSpecial L4DL_L
@lambda-form-invoker [LF_RESOLVE] java.lang.invoke.DirectMethodHandle$Holder invokeSpecial L4D_L
@lambda-form-invoker [LF_RESOLVE] java.lang.invoke.DirectMethodHandle$Holder invokeSpecial L4IL_L
@lambda-form-invoker [LF_RESOLVE] java.lang.invoke.DirectMethodHandle$Holder invokeSpecial L5J_L
@lambda-form-invoker [LF_RESOLVE] java.lang.invoke.DirectMethodHandle$Holder invokeSpecial L6_V
@lambda-form-invoker [LF_RESOLVE] java.lang.invoke.DirectMethodHandle$Holder invokeSpecial L10_L
@lambda-form-invoker [LF_RESOLVE] java.lang.invoke.DirectMethodHandle$Holder invokeSpecial LLD_L
@lambda-form-invoker [LF_RESOLVE] java.lang.invoke.DirectMethodHandle$Holder invokeSpecial LLI3_I
@lambda-form-invoker [LF_RESOLVE] java.lang.invoke.DirectMethodHandle$Holder invokeSpecial LLII_I
@lambda-form-invoker [LF_RESOLVE] java.lang.invoke.DirectMethodHandle$Holder invokeSpecial LLI_I
@lambda-form-invoker [LF_RESOLVE] java.lang.invoke.DirectMethodHandle$Holder invokeSpecial LLI_L
@lambda-form-invoker [LF_RESOLVE] java.lang.invoke.DirectMethodHandle$Holder invokeSpecial LLJI_J
@lambda-form-invoker [LF_RESOLVE] java.lang.invoke.DirectMethodHandle$Holder invokeSpecial LLJJ_J
@lambda-form-invoker [LF_RESOLVE] java.lang.invoke.DirectMethodHandle$Holder invokeSpecial LLJL3_J
@lambda-form-invoker [LF_RESOLVE] java.lang.invoke.DirectMethodHandle$Holder invokeSpecial LLJLIL_J
@lambda-form-invoker [LF_RESOLVE] java.lang.invoke.DirectMethodHandle$Holder invokeSpecial LLJLJL_J
@lambda-form-invoker [LF_RESOLVE] java.lang.invoke.DirectMethodHandle$Holder invokeSpecial LLJL_J
@lambda-form-invoker [LF_RESOLVE] java.lang.invoke.DirectMethodHandle$Holder invokeSpecial LLJ_L
@lambda-form-invoker [LF_RESOLVE] java.lang.invoke.DirectMethodHandle$Holder invokeSpecial LL_V
@lambda-form-invoker [LF_RESOLVE] java.lang.invoke.DirectMethodHandle$Holder invokeSpecial L4_V
@lambda-form-invoker [LF_RESOLVE] java.lang.invoke.DirectMethodHandle$Holder invokeSpecial LLII_L
@lambda-form-invoker [LF_RESOLVE] java.lang.invoke.Invokers$Holder invokeExact_MT L7_L
@lambda-form-invoker [LF_RESOLVE] java.lang.invoke.Invokers$Holder invoke_MT L7_L
@lambda-form-invoker [LF_RESOLVE] java.lang.invoke.Invokers$Holder invoke_MT L8_L
@lambda-form-invoker [LF_RESOLVE] java.lang.invoke.Invokers$Holder invokeExact_MT LL_L
@lambda-form-invoker [LF_RESOLVE] java.lang.invoke.Invokers$Holder invoke_MT LL_L
@lambda-form-invoker [LF_RESOLVE] java.lang.invoke.Invokers$Holder linkToTargetMethod DL_L
@lambda-form-invoker [LF_RESOLVE] java.lang.invoke.Invokers$Holder linkToCallSite DL_L
@lambda-form-invoker [LF_RESOLVE] java.lang.invoke.Invokers$Holder linkToTargetMethod IIL_L
@lambda-form-invoker [LF_RESOLVE] java.lang.invoke.Invokers$Holder linkToCallSite IIL_L
@lambda-form-invoker [LF_RESOLVE] java.lang.invoke.DirectMethodHandle$Holder invokeSpecial LLIL_L
@lambda-form-invoker [LF_RESOLVE] java.lang.invoke.Invokers$Holder linkToTargetMethod ILL_L
@lambda-form-invoker [LF_RESOLVE] java.lang.invoke.Invokers$Holder linkToCallSite ILL_L
@lambda-form-invoker [LF_RESOLVE] java.lang.invoke.Invokers$Holder linkToTargetMethod IL_L
@lambda-form-invoker [LF_RESOLVE] java.lang.invoke.Invokers$Holder linkToCallSite IL_L
@lambda-form-invoker [LF_RESOLVE] java.lang.invoke.DirectMethodHandle$Holder invokeSpecial LLJJ_L
@lambda-form-invoker [LF_RESOLVE] java.lang.invoke.Invokers$Holder linkToTargetMethod JJL_L
@lambda-form-invoker [LF_RESOLVE] java.lang.invoke.Invokers$Holder linkToCallSite JJL_L
@lambda-form-invoker [LF_RESOLVE] java.lang.invoke.Invokers$Holder linkToTargetMethod JL_L
@lambda-form-invoker [LF_RESOLVE] java.lang.invoke.Invokers$Holder linkToCallSite JL_L
@lambda-form-invoker [LF_RESOLVE] java.lang.invoke.Invokers$Holder linkToTargetMethod L3_L
@lambda-form-invoker [LF_RESOLVE] java.lang.invoke.Invokers$Holder linkToCallSite L3_L
@lambda-form-invoker [LF_RESOLVE] java.lang.invoke.Invokers$Holder linkToTargetMethod L4_L
@lambda-form-invoker [LF_RESOLVE] java.lang.invoke.Invokers$Holder linkToCallSite L4_L
@lambda-form-invoker [LF_RESOLVE] java.lang.invoke.Invokers$Holder linkToTargetMethod L5_L
@lambda-form-invoker [LF_RESOLVE] java.lang.invoke.Invokers$Holder linkToCallSite L5_L
@lambda-form-invoker [LF_RESOLVE] java.lang.invoke.Invokers$Holder linkToTargetMethod L6_L
@lambda-form-invoker [LF_RESOLVE] java.lang.invoke.Invokers$Holder linkToCallSite L6_L
@lambda-form-invoker [LF_RESOLVE] java.lang.invoke.Invokers$Holder linkToTargetMethod LIL_L
@lambda-form-invoker [LF_RESOLVE] java.lang.invoke.Invokers$Holder linkToCallSite LIL_L
@lambda-form-invoker [LF_RESOLVE] java.lang.invoke.Invokers$Holder linkToCallSite LL_L
@lambda-form-invoker [LF_RESOLVE] java.lang.invoke.Invokers$Holder linkToCallSite L_L
@lambda-form-invoker [LF_RESOLVE] java.lang.invoke.LambdaForm$Holder identity_F LF_F
@lambda-form-invoker [LF_RESOLVE] java.lang.invoke.LambdaForm$Holder zero_F L_F
@lambda-form-invoker [LF_RESOLVE] java.lang.invoke.LambdaForm$Holder identity_D LD_D
@lambda-form-invoker [LF_RESOLVE] java.lang.invoke.LambdaForm$Holder zero_D L_D
@lambda-proxy java/lang/invoke/GenerateJLIClassesHelper$HolderClassBuilder accept (Ljava/util/Map;)Ljava/util/function/Consumer; (Ljava/lang/Object;)V REF_invokeStatic java/lang/invoke/GenerateJLIClassesHelper$HolderClassBuilder lambda$build$0 (Ljava/util/Map;Ljava/lang/String;)V (Ljava/lang/String;)V
java/lang/invoke/DelegatingMethodHandle$Holder
java/lang/invoke/DirectMethodHandle$Holder
java/lang/invoke/Invokers$Holder
java/lang/invoke/LambdaForm$Holder
java/lang/Shutdown
java/lang/Shutdown$Lock
